<?xml version="1.0" encoding="UTF-8"?>
<!-- Generated by org.testng.reporters.JUnitXMLReporter -->
<testsuite ignored="0" hostname="DESKTOP-1GUDVLD" failures="0" tests="3" name="Default test" time="4.589" errors="0" timestamp="2021-07-14T10:19:19 IST">
  <testcase classname="test.Github_Example" name="addKeyPostRequest" time="2.561"/>
  <testcase classname="test.Github_Example" name="getKeyGetRequest" time="0.582"/>
  <testcase classname="test.Github_Example" name="deleteKeyDeleteRequest" time="0.559"/>
</testsuite> <!-- Default test -->
