<?xml version="1.0" encoding="UTF-8"?>
<testng-results ignored="0" total="3" passed="3" failed="0" skipped="0">
  <reporter-output>
  </reporter-output>
  <suite started-at="2021-07-14T10:19:14 IST" name="Default suite" finished-at="2021-07-14T10:19:19 IST" duration-ms="4589">
    <groups>
    </groups>
    <test started-at="2021-07-14T10:19:14 IST" name="Default test" finished-at="2021-07-14T10:19:19 IST" duration-ms="4589">
      <class name="test.Github_Example">
        <test-method is-config="true" signature="setUp()[pri:0, instance:test.Github_Example@29e495ff]" started-at="2021-07-14T10:19:14 IST" name="setUp" finished-at="2021-07-14T10:19:15 IST" duration-ms="827" status="PASS">
          <reporter-output>
          </reporter-output>
        </test-method> <!-- setUp -->
        <test-method signature="addKeyPostRequest()[pri:1, instance:test.Github_Example@29e495ff]" started-at="2021-07-14T10:19:15 IST" name="addKeyPostRequest" finished-at="2021-07-14T10:19:18 IST" duration-ms="2561" status="PASS">
          <reporter-output>
          </reporter-output>
        </test-method> <!-- addKeyPostRequest -->
        <test-method signature="getKeyGetRequest()[pri:2, instance:test.Github_Example@29e495ff]" started-at="2021-07-14T10:19:18 IST" name="getKeyGetRequest" finished-at="2021-07-14T10:19:18 IST" duration-ms="582" status="PASS">
          <reporter-output>
          </reporter-output>
        </test-method> <!-- getKeyGetRequest -->
        <test-method signature="deleteKeyDeleteRequest()[pri:3, instance:test.Github_Example@29e495ff]" started-at="2021-07-14T10:19:18 IST" name="deleteKeyDeleteRequest" finished-at="2021-07-14T10:19:19 IST" duration-ms="559" status="PASS">
          <reporter-output>
          </reporter-output>
        </test-method> <!-- deleteKeyDeleteRequest -->
      </class> <!-- test.Github_Example -->
    </test> <!-- Default test -->
  </suite> <!-- Default suite -->
</testng-results>
